request-id,request-method,request-path,request-query,request-payload,response-status,response-content-type,response-payload,response-oops,pre-handle-timestamp,post-handle-timestamp,"after-completion-timestamp"
"0ecd1d12-d7ca-4015-953b-b4fdec4f8684",GET,/,,,302,,,,3729124246800,3729244625500,3729253145800
"5397d564-87a3-48e1-9358-664b3fc03b6a",GET,/any/system/welcome,,,200,text/html;charset=utf-8,,,3729294657800,3729297507000,3739361436500
"fbeb96a8-8701-4411-a32e-d518e755125d",GET,/,,,302,,,,3739554529400,3739556992800,3739559242900
"ad12d55f-3284-4d3a-9ca5-78871f4c2010",GET,/any/system/welcome,,,200,text/html;charset=utf-8,,,3739571982200,3739575015300,3739872373500
"66641f35-51d9-4d53-a29d-d3441d811ade",GET,"/libraries/fontawesome/5.2.0/css/all.min.css",,,200,text/css,,,3739943418300,3739984048100,3739986263200
"b5d660b8-dde7-4fd1-b62b-fc694ad19ed3",GET,"/libraries/chart.js/2.7.2/js/chart.bundle.min.js",,,200,application/javascript,,,3739995790400,3740135188600,3740137461700
"8ab371d9-1851-4036-af5d-16b8ba4c9d55",GET,"/libraries/bootstrap/4.1.3/css/bootstrap.min.css",,,200,text/css,,,3740148176600,3740168270500,3740170410800
"555c55eb-dd00-4d5c-8d7a-8ff877958007",GET,"/libraries/datatables/1.10.18/css/datatables.min.css",,,200,text/css,,,3740179235100,3740197990200,3740199692600
"95db8880-6b95-420b-9bc7-1b52c5418fca",GET,"/libraries/datatables/1.10.18/js/datatables.min.js",,,200,application/javascript,,,3740211099000,3740339190800,3740341120900
"61c89269-be18-4bcf-96a7-a981817d7a4b",GET,"/libraries/jquery/3.3.1/js/jquery.min.js",,,200,application/javascript,,,3740353640900,3740479666100,3740481595500
"cfc6f4a1-25ff-4470-a08f-902ca7071d0e",GET,"/libraries/popper.js/1.14.4/js/popper.min.js",,,200,application/javascript,,,3740490179600,3740552757300,3740554862300
"a618bf25-11b0-491b-8f29-6bd80a7ef12f",GET,"/libraries/bootstrap/4.1.3/js/bootstrap.min.js",,,200,application/javascript,,,3740565621500,3740643750600,3740645973200
"e4d7813b-c0f1-4969-85e0-e7ea7db5e866",GET,"/libraries/areyousure/1.9.0/js/areyousure.min.js",,,200,application/javascript,,,3740654008000,3740706489700,3740708120800
"fecfd18a-e68f-48f6-af73-630e6bf62b7f",GET,"/libraries/datatables/1.10.18/js/jquery.datatables.min.js",,,200,application/javascript,,,3740714930600,3740790161300,3740793179700
"72f5f9bb-45e9-470a-8d53-e46af994001f",GET,"/libraries/acme/css/acme.css",,,200,text/css,,,3740802895800,3740822164500,3740823417700
"b1a78ae4-ee48-4562-9f84-1352800c24f7",GET,"/libraries/acme/js/acme.js",,,200,application/javascript,,,3740829264700,3740870750900,3740872691800
"68b92cbf-0411-466e-8a56-724b7c2454a3",GET,/images/banner.png,,,200,image/png,,,3740880594600,3740885454700,3740887169100
"481c8f15-2198-45b2-9ee4-b255c44aa810",GET,/images/logo.png,,,200,image/png,,,3740899940000,3740905449600,3740906816300
"c5da8383-574e-4c3f-b606-727e967d1963",GET,"/libraries/fontawesome/5.2.0/webfonts/fa-solid-900.woff2",,,200,application/font-woff2,,,3741071761100,3741104019400,3741105796200
"599e6098-9202-4733-98c4-ca29048fd024",GET,"/libraries/fontawesome/5.2.0/webfonts/fa-brands-400.woff2",,,200,application/font-woff2,,,3741117716700,3741136705800,3741138492700
"35c28fcc-5a93-4af6-aaf9-1c8a7220ff7d",GET,/images/favicon.ico,,,200,image/x-icon,,,3741150858400,3741191450700,3741193150800
