2025-02-17 10:02:56.209551200 INFO  acme.Launcher@main Starting Launcher using Java 21.0.4 on LAPTOP-39R8TEOR with PID 16296 (C:\Workspace-25\Frameworks\Acme-Framework-25.1.0\target\classes started by enriq in C:\Workspace-25\Starters\Hello-World-25.1.0) 
2025-02-17 10:02:56.213551200 DEBUG acme.Launcher@main Running with Spring Boot v2.7.18, Spring v5.3.31 
2025-02-17 10:02:56.214551800 INFO  acme.Launcher@main The following 3 profiles are active: "development", "populator", "populator#sample" 
2025-02-17 10:03:05.273019700 DEBUG acme.client.controllers.AbstractController@main Registering handler for {[GET, POST] [/authenticated/consumer/create], produces [text/html]} 
2025-02-17 10:03:05.274649900 DEBUG acme.client.controllers.AbstractController@main Registering handler for {[GET, POST] [/authenticated/consumer/update], produces [text/html]} 
2025-02-17 10:03:05.334541100 DEBUG acme.client.controllers.AbstractController@main Registering handler for {[GET, POST] [/authenticated/provider/create], produces [text/html]} 
2025-02-17 10:03:05.335541700 DEBUG acme.client.controllers.AbstractController@main Registering handler for {[GET, POST] [/authenticated/provider/update], produces [text/html]} 
2025-02-17 10:03:05.403150400 DEBUG acme.client.controllers.AbstractController@main Registering handler for {[GET, POST] [/administrator/user-account/list], produces [text/html]} 
2025-02-17 10:03:05.404150200 DEBUG acme.client.controllers.AbstractController@main Registering handler for {[GET, POST] [/administrator/user-account/show], produces [text/html]} 
2025-02-17 10:03:05.405152300 DEBUG acme.client.controllers.AbstractController@main Registering handler for {[GET, POST] [/administrator/user-account/update], produces [text/html]} 
2025-02-17 10:03:05.454259100 DEBUG acme.client.controllers.AbstractController@main Registering handler for {[GET, POST] [/anonymous/user-account/create], produces [text/html]} 
2025-02-17 10:03:05.497297 DEBUG acme.client.controllers.AbstractController@main Registering handler for {[GET, POST] [/authenticated/user-account/update], produces [text/html]} 
2025-02-17 10:03:07.293031 INFO  acme.Launcher@main Started Launcher in 12.205 seconds (JVM running for 13.14) 
2025-02-17 10:03:07.299608800 INFO  acme.Launcher@main Starting the Spring Framework up took 12.413 seconds. 
2025-02-17 10:03:07.455886900 DEBUG acme.internals.components.clocks.AbstractClock@main Changing base moment to 'Mon Feb 17 10:03:07 CET 2025'. 
2025-02-17 10:03:07.458631 DEBUG acme.internals.components.clocks.AbstractClock@main Changing base moment to 'Sat Jul 30 00:00:00 CEST 2022'. 
2025-02-17 10:03:07.459631200 DEBUG acme.internals.components.clocks.SimulatedClock@main Changing current moment to 'Sat Jul 30 00:00:00 CEST 2022'. 
2025-02-17 10:03:07.461140 INFO  acme.Launcher@main Launching populator#sample in your development platform. Please, wait. 
2025-02-17 10:03:07.462140600 INFO  acme.Launcher@main Resetting application (create schema, populate initial and sample data, reset clock, reset random generator). 
2025-02-17 10:03:07.462140600 DEBUG acme.Launcher@main Initialising clock. 
2025-02-17 10:03:07.463140800 DEBUG acme.internals.components.clocks.SimulatedClock@main Changing current moment to 'Sat Jul 30 00:00:00 CEST 2022'. 
2025-02-17 10:03:07.463140800 DEBUG acme.Launcher@main Initialising random generator. 
2025-02-17 10:03:07.464142300 DEBUG acme.Launcher@main Populating database. 
2025-02-17 10:03:07.468658 DEBUG acme.internals.components.database.DatabaseManager@main Starting transaction 8b74dad9-6357-44d0-a407-6d7c941799fd. 
2025-02-17 10:03:07.480389300 DEBUG acme.internals.components.database.DatabaseManager@main Executing command 'set transaction isolation level read uncommitted;'. 
2025-02-17 10:03:07.489394200 DEBUG acme.internals.components.database.DatabasePopulator@main Reading entities from 'classpath:/WEB-INF/data/initial'. 
2025-02-17 10:03:07.537633800 DEBUG acme.internals.components.database.EntityTable@main Reading entities from 'C:\Workspace-25\Starters\Hello-World-25.1.0\target\classes\WEB-INF\data\initial\administrator.csv'. 
2025-02-17 10:03:07.725451300 DEBUG acme.internals.components.database.EntityTable@main Reading mapping '{key=administrator-01, key:userAccount=user-account-administrator-01}' from 'C:\Workspace-25\Starters\Hello-World-25.1.0\target\classes\WEB-INF\data\initial\administrator.csv'. 
2025-02-17 10:03:07.728175200 DEBUG acme.internals.components.database.EntityTable@main Reading entities from 'C:\Workspace-25\Starters\Hello-World-25.1.0\target\classes\WEB-INF\data\initial\anonymous.csv'. 
2025-02-17 10:03:07.742442200 DEBUG acme.internals.components.database.EntityTable@main Reading mapping '{key=anonymous-01, key:userAccount=user-account-anonymous-01}' from 'C:\Workspace-25\Starters\Hello-World-25.1.0\target\classes\WEB-INF\data\initial\anonymous.csv'. 
2025-02-17 10:03:07.743444500 DEBUG acme.internals.components.database.EntityTable@main Reading entities from 'C:\Workspace-25\Starters\Hello-World-25.1.0\target\classes\WEB-INF\data\initial\user-account.csv'. 
2025-02-17 10:03:07.761713200 DEBUG acme.internals.components.database.EntityTable@main Reading mapping '{password=HIDDEN-PASSWORD, identity=UserIdentity{name: 'John', surname: 'Doe', email: 'john.doe@acme.com'}, key=user-account-anonymous-01, enabled=false, username=anonymous}' from 'C:\Workspace-25\Starters\Hello-World-25.1.0\target\classes\WEB-INF\data\initial\user-account.csv'. 
2025-02-17 10:03:07.761713200 DEBUG acme.internals.components.database.EntityTable@main Reading mapping '{password=administrator, identity=UserIdentity{name: 'Administrator', surname: 'Acme', email: 'administrator@acme.com'}, key=user-account-administrator-01, enabled=true, username=administrator}' from 'C:\Workspace-25\Starters\Hello-World-25.1.0\target\classes\WEB-INF\data\initial\user-account.csv'. 
2025-02-17 10:03:07.761713200 DEBUG acme.internals.components.database.EntityWeb@main Setting attributes of entities of class acme.client.components.principals.Administrator. 
2025-02-17 10:03:07.762714200 DEBUG acme.internals.components.database.EntityWeb@main Setting attributes of entities of class acme.client.components.principals.Anonymous. 
2025-02-17 10:03:07.762714200 DEBUG acme.internals.components.database.EntityWeb@main Setting attributes of entities of class acme.client.components.principals.UserAccount. 
2025-02-17 10:03:08.023288900 DEBUG acme.internals.components.database.EntityWeb@main Linking entities of class acme.client.components.principals.Administrator. 
2025-02-17 10:03:08.033295900 DEBUG acme.internals.components.database.EntityWeb@main Linking entities of class acme.client.components.principals.Anonymous. 
2025-02-17 10:03:08.041297200 DEBUG acme.internals.components.database.EntityWeb@main Linking entities of class acme.client.components.principals.UserAccount. 
2025-02-17 10:03:08.042298400 DEBUG acme.internals.components.database.DatabasePopulator@main Reading entities from 'classpath:/WEB-INF/data/sample'. 
2025-02-17 10:03:08.044297700 DEBUG acme.internals.components.database.EntityTable@main Reading entities from 'C:\Workspace-25\Starters\Hello-World-25.1.0\target\classes\WEB-INF\data\sample\consumer.csv'. 
2025-02-17 10:03:08.058428 DEBUG acme.internals.components.database.EntityTable@main Reading mapping '{company=Macarena, Inc., sector=Telecommunications, key=consumer-01, key:userAccount=user-account-consumer-01}' from 'C:\Workspace-25\Starters\Hello-World-25.1.0\target\classes\WEB-INF\data\sample\consumer.csv'. 
2025-02-17 10:03:08.059429300 DEBUG acme.internals.components.database.EntityTable@main Reading mapping '{company=լոռեմ իպսում, sector=ლორემ იფსუმ, key=consumer-02, key:userAccount=user-account-consumer-02}' from 'C:\Workspace-25\Starters\Hello-World-25.1.0\target\classes\WEB-INF\data\sample\consumer.csv'. 
2025-02-17 10:03:08.060425600 DEBUG acme.internals.components.database.EntityTable@main Reading mapping '{company=مرحبا بالعالم, sector=天飽雲馬消根清歡寫尾做兒幫, key=consumer-03, key:userAccount=user-account-consumer-03}' from 'C:\Workspace-25\Starters\Hello-World-25.1.0\target\classes\WEB-INF\data\sample\consumer.csv'. 
2025-02-17 10:03:08.062425500 DEBUG acme.internals.components.database.EntityTable@main Reading entities from 'C:\Workspace-25\Starters\Hello-World-25.1.0\target\classes\WEB-INF\data\sample\provider.csv'. 
2025-02-17 10:03:08.076426800 DEBUG acme.internals.components.database.EntityTable@main Reading mapping '{company=Terra Nets, S.A., sector=Internet, key=provider-01, key:userAccount=user-account-provider-01}' from 'C:\Workspace-25\Starters\Hello-World-25.1.0\target\classes\WEB-INF\data\sample\provider.csv'. 
2025-02-17 10:03:08.077427600 DEBUG acme.internals.components.database.EntityTable@main Reading mapping '{company=Лорем ипсум, sector=Λορεμ ιπσθμ, key=provider-02, key:userAccount=user-account-provider-02}' from 'C:\Workspace-25\Starters\Hello-World-25.1.0\target\classes\WEB-INF\data\sample\provider.csv'. 
2025-02-17 10:03:08.078426 DEBUG acme.internals.components.database.EntityTable@main Reading mapping '{company=देवनागरी, sector=À l'école, Zoë, key=provider-03, key:userAccount=user-account-provider-03}' from 'C:\Workspace-25\Starters\Hello-World-25.1.0\target\classes\WEB-INF\data\sample\provider.csv'. 
2025-02-17 10:03:08.079429300 DEBUG acme.internals.components.database.EntityTable@main Reading entities from 'C:\Workspace-25\Starters\Hello-World-25.1.0\target\classes\WEB-INF\data\sample\user-account.csv'. 
2025-02-17 10:03:08.093428 DEBUG acme.internals.components.database.EntityTable@main Reading mapping '{password=consumer1, identity=UserIdentity{name: 'Peter', surname: 'Consumer', email: 'peter@acme.com'}, key=user-account-consumer-01, enabled=true, username=consumer1}' from 'C:\Workspace-25\Starters\Hello-World-25.1.0\target\classes\WEB-INF\data\sample\user-account.csv'. 
2025-02-17 10:03:08.094430500 DEBUG acme.internals.components.database.EntityTable@main Reading mapping '{password=consumer2, identity=UserIdentity{name: 'Mary', surname: '貸んい建濯よ芝弾テソ Λορεμ ιπσθμ', email: 'mary@acme.com'}, key=user-account-consumer-02, enabled=true, username=consumer2}' from 'C:\Workspace-25\Starters\Hello-World-25.1.0\target\classes\WEB-INF\data\sample\user-account.csv'. 
2025-02-17 10:03:08.095428200 DEBUG acme.internals.components.database.EntityTable@main Reading mapping '{password=consumer3, identity=UserIdentity{name: 'Manolo', surname: '之乎路可良 ᏥᏲᏎᎭ', email: 'manolo@acme.com'}, key=user-account-consumer-03, enabled=true, username=consumer3}' from 'C:\Workspace-25\Starters\Hello-World-25.1.0\target\classes\WEB-INF\data\sample\user-account.csv'. 
2025-02-17 10:03:08.095428200 DEBUG acme.internals.components.database.EntityTable@main Reading mapping '{password=provider1, identity=UserIdentity{name: 'Laurel', surname: 'Provider', email: 'laurel@acme.com'}, key=user-account-provider-01, enabled=true, username=provider1}' from 'C:\Workspace-25\Starters\Hello-World-25.1.0\target\classes\WEB-INF\data\sample\user-account.csv'. 
2025-02-17 10:03:08.096428 DEBUG acme.internals.components.database.EntityTable@main Reading mapping '{password=provider2, identity=UserIdentity{name: 'Martina', surname: 'коза თხა', email: 'martina@acme.com'}, key=user-account-provider-02, enabled=true, username=provider2}' from 'C:\Workspace-25\Starters\Hello-World-25.1.0\target\classes\WEB-INF\data\sample\user-account.csv'. 
2025-02-17 10:03:08.096428 DEBUG acme.internals.components.database.EntityTable@main Reading mapping '{password=provider3, identity=UserIdentity{name: 'Antonia', surname: 'אבטיח Æløzå', email: 'antonia@acme.com'}, key=user-account-provider-03, enabled=true, username=provider3}' from 'C:\Workspace-25\Starters\Hello-World-25.1.0\target\classes\WEB-INF\data\sample\user-account.csv'. 
2025-02-17 10:03:08.097428100 DEBUG acme.internals.components.database.EntityWeb@main Setting attributes of entities of class acme.realms.Consumer. 
2025-02-17 10:03:08.107429100 DEBUG acme.internals.components.database.EntityWeb@main Setting attributes of entities of class acme.realms.Provider. 
2025-02-17 10:03:08.115430500 DEBUG acme.internals.components.database.EntityWeb@main Setting attributes of entities of class acme.client.components.principals.UserAccount. 
2025-02-17 10:03:08.153609800 DEBUG acme.internals.components.database.EntityWeb@main Linking entities of class acme.realms.Consumer. 
2025-02-17 10:03:08.154611100 DEBUG acme.internals.components.database.EntityWeb@main Linking entities of class acme.realms.Provider. 
2025-02-17 10:03:08.156379900 DEBUG acme.internals.components.database.EntityWeb@main Linking entities of class acme.client.components.principals.UserAccount. 
2025-02-17 10:03:08.172345300 DEBUG acme.internals.components.database.DatabaseManager@main Dropping existing database schema, if any. 
2025-02-17 10:03:08.207736400 DEBUG acme.internals.components.database.DatabaseManager@main Creating batch for transaction 8b74dad9-6357-44d0-a407-6d7c941799fd. 
2025-02-17 10:03:08.208276100 DEBUG acme.internals.components.database.DatabaseManager@main Adding 'set foreign_key_checks=0;\n' to batch in transaction 8b74dad9-6357-44d0-a407-6d7c941799fd. 
2025-02-17 10:03:08.208276100 DEBUG acme.internals.components.database.DatabaseManager@main Adding 'drop table if exists abstract_squad' to batch in transaction 8b74dad9-6357-44d0-a407-6d7c941799fd. 
2025-02-17 10:03:08.208813200 DEBUG acme.internals.components.database.DatabaseManager@main Adding 'drop table if exists administrator' to batch in transaction 8b74dad9-6357-44d0-a407-6d7c941799fd. 
2025-02-17 10:03:08.208813200 DEBUG acme.internals.components.database.DatabaseManager@main Adding 'drop table if exists anonymous' to batch in transaction 8b74dad9-6357-44d0-a407-6d7c941799fd. 
2025-02-17 10:03:08.208813200 DEBUG acme.internals.components.database.DatabaseManager@main Adding 'drop table if exists any' to batch in transaction 8b74dad9-6357-44d0-a407-6d7c941799fd. 
2025-02-17 10:03:08.209355500 DEBUG acme.internals.components.database.DatabaseManager@main Adding 'drop table if exists authenticated' to batch in transaction 8b74dad9-6357-44d0-a407-6d7c941799fd. 
2025-02-17 10:03:08.209355500 DEBUG acme.internals.components.database.DatabaseManager@main Adding 'drop table if exists consumer' to batch in transaction 8b74dad9-6357-44d0-a407-6d7c941799fd. 
2025-02-17 10:03:08.209355500 DEBUG acme.internals.components.database.DatabaseManager@main Adding 'drop table if exists hibernate_sequences' to batch in transaction 8b74dad9-6357-44d0-a407-6d7c941799fd. 
2025-02-17 10:03:08.209896 DEBUG acme.internals.components.database.DatabaseManager@main Adding 'drop table if exists provider' to batch in transaction 8b74dad9-6357-44d0-a407-6d7c941799fd. 
2025-02-17 10:03:08.209896 DEBUG acme.internals.components.database.DatabaseManager@main Adding 'drop table if exists user_account' to batch in transaction 8b74dad9-6357-44d0-a407-6d7c941799fd. 
2025-02-17 10:03:08.209896 DEBUG acme.internals.components.database.DatabaseManager@main Adding 'set foreign_key_checks=1;\n' to batch in transaction 8b74dad9-6357-44d0-a407-6d7c941799fd. 
2025-02-17 10:03:08.209896 DEBUG acme.internals.components.database.DatabaseManager@main Submitting batch in transaction 8b74dad9-6357-44d0-a407-6d7c941799fd. 
2025-02-17 10:03:08.369096900 DEBUG acme.internals.components.database.DatabaseManager@main Creating database schema. 
2025-02-17 10:03:08.378098200 DEBUG acme.internals.components.database.DatabaseManager@main Creating batch for transaction 8b74dad9-6357-44d0-a407-6d7c941799fd. 
2025-02-17 10:03:08.378098200 DEBUG acme.internals.components.database.DatabaseManager@main Adding 'set foreign_key_checks=0;\n' to batch in transaction 8b74dad9-6357-44d0-a407-6d7c941799fd. 
2025-02-17 10:03:08.378098200 DEBUG acme.internals.components.database.DatabaseManager@main Adding 'create table abstract_squad (id integer not null, version integer not null, user_account_id integer not null, primary key (id)) engine=InnoDB' to batch in transaction 8b74dad9-6357-44d0-a407-6d7c941799fd. 
2025-02-17 10:03:08.379098300 DEBUG acme.internals.components.database.DatabaseManager@main Adding 'create table administrator (id integer not null, version integer not null, user_account_id integer not null, primary key (id)) engine=InnoDB' to batch in transaction 8b74dad9-6357-44d0-a407-6d7c941799fd. 
2025-02-17 10:03:08.379098300 DEBUG acme.internals.components.database.DatabaseManager@main Adding 'create table anonymous (id integer not null, version integer not null, user_account_id integer not null, primary key (id)) engine=InnoDB' to batch in transaction 8b74dad9-6357-44d0-a407-6d7c941799fd. 
2025-02-17 10:03:08.379098300 DEBUG acme.internals.components.database.DatabaseManager@main Adding 'create table any (id integer not null, version integer not null, user_account_id integer not null, primary key (id)) engine=InnoDB' to batch in transaction 8b74dad9-6357-44d0-a407-6d7c941799fd. 
2025-02-17 10:03:08.379098300 DEBUG acme.internals.components.database.DatabaseManager@main Adding 'create table authenticated (id integer not null, version integer not null, user_account_id integer not null, primary key (id)) engine=InnoDB' to batch in transaction 8b74dad9-6357-44d0-a407-6d7c941799fd. 
2025-02-17 10:03:08.379098300 DEBUG acme.internals.components.database.DatabaseManager@main Adding 'create table consumer (id integer not null, version integer not null, user_account_id integer not null, company varchar(255), sector varchar(255), primary key (id)) engine=InnoDB' to batch in transaction 8b74dad9-6357-44d0-a407-6d7c941799fd. 
2025-02-17 10:03:08.379098300 DEBUG acme.internals.components.database.DatabaseManager@main Adding 'create table hibernate_sequences (sequence_name varchar(255) not null, next_val bigint, primary key (sequence_name)) engine=InnoDB' to batch in transaction 8b74dad9-6357-44d0-a407-6d7c941799fd. 
2025-02-17 10:03:08.380099 DEBUG acme.internals.components.database.DatabaseManager@main Adding 'insert into hibernate_sequences(sequence_name, next_val) values ('default',0)' to batch in transaction 8b74dad9-6357-44d0-a407-6d7c941799fd. 
2025-02-17 10:03:08.380099 DEBUG acme.internals.components.database.DatabaseManager@main Adding 'create table provider (id integer not null, version integer not null, user_account_id integer not null, company varchar(255), sector varchar(255), primary key (id)) engine=InnoDB' to batch in transaction 8b74dad9-6357-44d0-a407-6d7c941799fd. 
2025-02-17 10:03:08.380099 DEBUG acme.internals.components.database.DatabaseManager@main Adding 'create table user_account (id integer not null, version integer not null, enabled bit not null, identity blob, password varchar(255) not null, username varchar(255) not null, primary key (id)) engine=InnoDB' to batch in transaction 8b74dad9-6357-44d0-a407-6d7c941799fd. 
2025-02-17 10:03:08.380099 DEBUG acme.internals.components.database.DatabaseManager@main Adding 'alter table user_account add constraint UK_castjbvpeeus0r8lbpehiu0e4 unique (username)' to batch in transaction 8b74dad9-6357-44d0-a407-6d7c941799fd. 
2025-02-17 10:03:08.380099 DEBUG acme.internals.components.database.DatabaseManager@main Adding 'alter table abstract_squad add constraint FK_6r336s2qobvtlhcicaspgws6s foreign key (user_account_id) references user_account (id)' to batch in transaction 8b74dad9-6357-44d0-a407-6d7c941799fd. 
2025-02-17 10:03:08.380099 DEBUG acme.internals.components.database.DatabaseManager@main Adding 'alter table administrator add constraint FK_2a5vcjo3stlfcwadosjfq49l1 foreign key (user_account_id) references user_account (id)' to batch in transaction 8b74dad9-6357-44d0-a407-6d7c941799fd. 
2025-02-17 10:03:08.380099 DEBUG acme.internals.components.database.DatabaseManager@main Adding 'alter table anonymous add constraint FK_6lnbc6fo3om54vugoh8icg78m foreign key (user_account_id) references user_account (id)' to batch in transaction 8b74dad9-6357-44d0-a407-6d7c941799fd. 
2025-02-17 10:03:08.380099 DEBUG acme.internals.components.database.DatabaseManager@main Adding 'alter table any add constraint FK_26yflnlk4xrrxtkiwkag1l7lf foreign key (user_account_id) references user_account (id)' to batch in transaction 8b74dad9-6357-44d0-a407-6d7c941799fd. 
2025-02-17 10:03:08.380099 DEBUG acme.internals.components.database.DatabaseManager@main Adding 'alter table authenticated add constraint FK_h52w0f3wjoi68b63wv9vwon57 foreign key (user_account_id) references user_account (id)' to batch in transaction 8b74dad9-6357-44d0-a407-6d7c941799fd. 
2025-02-17 10:03:08.381098600 DEBUG acme.internals.components.database.DatabaseManager@main Adding 'alter table consumer add constraint FK_6cyha9f1wpj0dpbxrrjddrqed foreign key (user_account_id) references user_account (id)' to batch in transaction 8b74dad9-6357-44d0-a407-6d7c941799fd. 
2025-02-17 10:03:08.381098600 DEBUG acme.internals.components.database.DatabaseManager@main Adding 'alter table provider add constraint FK_b1gwnjqm6ggy9yuiqm0o4rlmd foreign key (user_account_id) references user_account (id)' to batch in transaction 8b74dad9-6357-44d0-a407-6d7c941799fd. 
2025-02-17 10:03:08.381098600 DEBUG acme.internals.components.database.DatabaseManager@main Adding 'set foreign_key_checks=1;\n' to batch in transaction 8b74dad9-6357-44d0-a407-6d7c941799fd. 
2025-02-17 10:03:08.381098600 DEBUG acme.internals.components.database.DatabaseManager@main Submitting batch in transaction 8b74dad9-6357-44d0-a407-6d7c941799fd. 
2025-02-17 10:03:08.873826100 DEBUG acme.internals.components.database.DatabasePopulator@main Sorting your entity clazzes topologically. 
2025-02-17 10:03:08.873826100 DEBUG acme.internals.components.database.DatabasePopulator@main Best topological order for your entity clazzes: 
2025-02-17 10:03:08.873826100 DEBUG acme.internals.components.database.DatabasePopulator@main - acme.client.components.principals.UserAccount 
2025-02-17 10:03:08.874827300 DEBUG acme.internals.components.database.DatabasePopulator@main - acme.client.components.principals.Administrator 
2025-02-17 10:03:08.874827300 DEBUG acme.internals.components.database.DatabasePopulator@main - acme.client.components.principals.Anonymous 
2025-02-17 10:03:08.874827300 DEBUG acme.internals.components.database.DatabasePopulator@main - acme.realms.Consumer 
2025-02-17 10:03:08.874827300 DEBUG acme.internals.components.database.DatabasePopulator@main - acme.realms.Provider 
2025-02-17 10:03:08.875827900 DEBUG acme.internals.components.database.DatabasePopulator@main Persisting your entities. 
2025-02-17 10:03:08.875827900 DEBUG acme.internals.components.database.DatabasePopulator@main Persisting entities of clazz 'acme.client.components.principals.UserAccount'. 
2025-02-17 10:03:08.883827600 DEBUG acme.internals.components.database.DatabaseManager@main Persisting entity 'UserAccount{id = 0, version = 0, username = "anonymous", password = "$2a$05$JzbW.ekV78UUps3QFgk/2.FsgAsIhGuRJwdgxJ7tHHEX1rMRsRsQi", enabled = false, identity = DefaultUserIdentity(name=John, surname=Doe, email=john.doe@acme.com), $assertionsDisabled = false}'. 
2025-02-17 10:03:08.897144200 DEBUG org.hibernate.SQL@main select tbl.next_val from hibernate_sequences tbl where tbl.sequence_name=? for update 
2025-02-17 10:03:08.912320 DEBUG org.hibernate.SQL@main update hibernate_sequences set next_val=?  where next_val=? and sequence_name=? 
2025-02-17 10:03:08.962526700 DEBUG acme.internals.components.database.DatabaseManager@main Persisting entity 'UserAccount{id = 0, version = 0, username = "administrator", password = "$2a$05$qnHGCUJ.MJnreQJ8PD6di.lWYe30yvad286Vbq2UNcLowXK8S9eGe", enabled = true, identity = DefaultUserIdentity(name=Administrator, surname=Acme, email=administrator@acme.com), $assertionsDisabled = false}'. 
2025-02-17 10:03:08.963527800 DEBUG org.hibernate.SQL@main select tbl.next_val from hibernate_sequences tbl where tbl.sequence_name=? for update 
2025-02-17 10:03:08.963527800 DEBUG org.hibernate.SQL@main update hibernate_sequences set next_val=?  where next_val=? and sequence_name=? 
2025-02-17 10:03:08.968565100 DEBUG acme.internals.components.database.DatabaseManager@main Persisting entity 'UserAccount{id = 0, version = 0, username = "consumer1", password = "$2a$05$NEuyeXNQinMMwth2uK.6L.IuUVao2GQ0rS5rk.4RBpKuc99gfk1su", enabled = true, identity = DefaultUserIdentity(name=Peter, surname=Consumer, email=peter@acme.com), $assertionsDisabled = false}'. 
2025-02-17 10:03:08.969564 DEBUG org.hibernate.SQL@main select tbl.next_val from hibernate_sequences tbl where tbl.sequence_name=? for update 
2025-02-17 10:03:08.969564 DEBUG org.hibernate.SQL@main update hibernate_sequences set next_val=?  where next_val=? and sequence_name=? 
2025-02-17 10:03:08.974073300 DEBUG acme.internals.components.database.DatabaseManager@main Persisting entity 'UserAccount{id = 0, version = 0, username = "consumer2", password = "$2a$05$A7FQENEdEFP5kxUjjSaYuuRN4CqM8p.unpUdKM6tT6A40z1lecvaC", enabled = true, identity = DefaultUserIdentity(name=Mary, surname=貸んい建濯よ芝弾テソ Λορεμ ιπσθμ, email=mary@acme.com), $assertionsDisabled = false}'. 
2025-02-17 10:03:08.975074600 DEBUG org.hibernate.SQL@main select tbl.next_val from hibernate_sequences tbl where tbl.sequence_name=? for update 
2025-02-17 10:03:08.976074700 DEBUG org.hibernate.SQL@main update hibernate_sequences set next_val=?  where next_val=? and sequence_name=? 
2025-02-17 10:03:08.980075800 DEBUG acme.internals.components.database.DatabaseManager@main Persisting entity 'UserAccount{id = 0, version = 0, username = "consumer3", password = "$2a$05$9eMDAZD1tufCblK3iVfpoeK4ZuSoh8vGGR/sL3ZPrTpKtOXiD6I5u", enabled = true, identity = DefaultUserIdentity(name=Manolo, surname=之乎路可良 ᏥᏲᏎᎭ, email=manolo@acme.com), $assertionsDisabled = false}'. 
2025-02-17 10:03:08.980966400 DEBUG org.hibernate.SQL@main select tbl.next_val from hibernate_sequences tbl where tbl.sequence_name=? for update 
2025-02-17 10:03:08.981968 DEBUG org.hibernate.SQL@main update hibernate_sequences set next_val=?  where next_val=? and sequence_name=? 
2025-02-17 10:03:08.985839700 DEBUG acme.internals.components.database.DatabaseManager@main Persisting entity 'UserAccount{id = 0, version = 0, username = "provider1", password = "$2a$05$Y7O0g1.G9pUsll.XLTwLRew4EKLZacA/kOLRY9yU4t09F9gOWpLDu", enabled = true, identity = DefaultUserIdentity(name=Laurel, surname=Provider, email=laurel@acme.com), $assertionsDisabled = false}'. 
2025-02-17 10:03:08.986349800 DEBUG org.hibernate.SQL@main select tbl.next_val from hibernate_sequences tbl where tbl.sequence_name=? for update 
2025-02-17 10:03:08.987351 DEBUG org.hibernate.SQL@main update hibernate_sequences set next_val=?  where next_val=? and sequence_name=? 
2025-02-17 10:03:08.991398100 DEBUG acme.internals.components.database.DatabaseManager@main Persisting entity 'UserAccount{id = 0, version = 0, username = "provider2", password = "$2a$05$51mRv1xwHagMVjVZVxMjbu9h53MlcO.8RrF6SAmBiHDzDlfQL65li", enabled = true, identity = DefaultUserIdentity(name=Martina, surname=коза თხა, email=martina@acme.com), $assertionsDisabled = false}'. 
2025-02-17 10:03:08.992735700 DEBUG org.hibernate.SQL@main select tbl.next_val from hibernate_sequences tbl where tbl.sequence_name=? for update 
2025-02-17 10:03:08.993246300 DEBUG org.hibernate.SQL@main update hibernate_sequences set next_val=?  where next_val=? and sequence_name=? 
2025-02-17 10:03:08.997626300 DEBUG acme.internals.components.database.DatabaseManager@main Persisting entity 'UserAccount{id = 0, version = 0, username = "provider3", password = "$2a$05$MBIrZqqAHGiZFMRlAIXDtu5.m4jIoUXaAdU.D5JidAA29fZunPN3y", enabled = true, identity = DefaultUserIdentity(name=Antonia, surname=אבטיח Æløzå, email=antonia@acme.com), $assertionsDisabled = false}'. 
2025-02-17 10:03:08.998628 DEBUG org.hibernate.SQL@main select tbl.next_val from hibernate_sequences tbl where tbl.sequence_name=? for update 
2025-02-17 10:03:08.998628 DEBUG org.hibernate.SQL@main update hibernate_sequences set next_val=?  where next_val=? and sequence_name=? 
2025-02-17 10:03:09.003628600 DEBUG acme.internals.components.database.DatabaseManager@main Flushing transaction 8b74dad9-6357-44d0-a407-6d7c941799fd. 
2025-02-17 10:03:09.020093500 DEBUG org.hibernate.SQL@main insert into user_account (version, enabled, identity, password, username, id) values (?, ?, ?, ?, ?, ?) 
2025-02-17 10:03:09.023093800 TRACE org.hibernate.type.descriptor.sql.BasicBinder@main binding parameter [1] as [INTEGER] - [0] 
2025-02-17 10:03:09.024100 TRACE org.hibernate.type.descriptor.sql.BasicBinder@main binding parameter [2] as [BOOLEAN] - [false] 
2025-02-17 10:03:09.025093600 TRACE org.hibernate.type.descriptor.sql.BasicBinder@main binding parameter [3] as [BLOB] - [DefaultUserIdentity(name=John, surname=Doe, email=john.doe@acme.com)] 
2025-02-17 10:03:09.028093900 TRACE org.hibernate.type.descriptor.sql.BasicBinder@main binding parameter [4] as [VARCHAR] - [$2a$05$JzbW.ekV78UUps3QFgk/2.FsgAsIhGuRJwdgxJ7tHHEX1rMRsRsQi] 
2025-02-17 10:03:09.028093900 TRACE org.hibernate.type.descriptor.sql.BasicBinder@main binding parameter [5] as [VARCHAR] - [anonymous] 
2025-02-17 10:03:09.028093900 TRACE org.hibernate.type.descriptor.sql.BasicBinder@main binding parameter [6] as [INTEGER] - [1] 
2025-02-17 10:03:09.033094300 DEBUG org.hibernate.SQL@main insert into user_account (version, enabled, identity, password, username, id) values (?, ?, ?, ?, ?, ?) 
2025-02-17 10:03:09.033094300 TRACE org.hibernate.type.descriptor.sql.BasicBinder@main binding parameter [1] as [INTEGER] - [0] 
2025-02-17 10:03:09.033094300 TRACE org.hibernate.type.descriptor.sql.BasicBinder@main binding parameter [2] as [BOOLEAN] - [true] 
2025-02-17 10:03:09.033094300 TRACE org.hibernate.type.descriptor.sql.BasicBinder@main binding parameter [3] as [BLOB] - [DefaultUserIdentity(name=Administrator, surname=Acme, email=administrator@acme.com)] 
2025-02-17 10:03:09.034094500 TRACE org.hibernate.type.descriptor.sql.BasicBinder@main binding parameter [4] as [VARCHAR] - [$2a$05$qnHGCUJ.MJnreQJ8PD6di.lWYe30yvad286Vbq2UNcLowXK8S9eGe] 
2025-02-17 10:03:09.034094500 TRACE org.hibernate.type.descriptor.sql.BasicBinder@main binding parameter [5] as [VARCHAR] - [administrator] 
2025-02-17 10:03:09.034094500 TRACE org.hibernate.type.descriptor.sql.BasicBinder@main binding parameter [6] as [INTEGER] - [2] 
2025-02-17 10:03:09.035093800 DEBUG org.hibernate.SQL@main insert into user_account (version, enabled, identity, password, username, id) values (?, ?, ?, ?, ?, ?) 
2025-02-17 10:03:09.035093800 TRACE org.hibernate.type.descriptor.sql.BasicBinder@main binding parameter [1] as [INTEGER] - [0] 
2025-02-17 10:03:09.035093800 TRACE org.hibernate.type.descriptor.sql.BasicBinder@main binding parameter [2] as [BOOLEAN] - [true] 
2025-02-17 10:03:09.035093800 TRACE org.hibernate.type.descriptor.sql.BasicBinder@main binding parameter [3] as [BLOB] - [DefaultUserIdentity(name=Peter, surname=Consumer, email=peter@acme.com)] 
2025-02-17 10:03:09.035093800 TRACE org.hibernate.type.descriptor.sql.BasicBinder@main binding parameter [4] as [VARCHAR] - [$2a$05$NEuyeXNQinMMwth2uK.6L.IuUVao2GQ0rS5rk.4RBpKuc99gfk1su] 
2025-02-17 10:03:09.036094600 TRACE org.hibernate.type.descriptor.sql.BasicBinder@main binding parameter [5] as [VARCHAR] - [consumer1] 
2025-02-17 10:03:09.036094600 TRACE org.hibernate.type.descriptor.sql.BasicBinder@main binding parameter [6] as [INTEGER] - [3] 
2025-02-17 10:03:09.036094600 DEBUG org.hibernate.SQL@main insert into user_account (version, enabled, identity, password, username, id) values (?, ?, ?, ?, ?, ?) 
2025-02-17 10:03:09.037094200 TRACE org.hibernate.type.descriptor.sql.BasicBinder@main binding parameter [1] as [INTEGER] - [0] 
2025-02-17 10:03:09.037094200 TRACE org.hibernate.type.descriptor.sql.BasicBinder@main binding parameter [2] as [BOOLEAN] - [true] 
2025-02-17 10:03:09.037094200 TRACE org.hibernate.type.descriptor.sql.BasicBinder@main binding parameter [3] as [BLOB] - [DefaultUserIdentity(name=Mary, surname=貸んい建濯よ芝弾テソ Λορεμ ιπσθμ, email=mary@acme.com)] 
2025-02-17 10:03:09.038094600 TRACE org.hibernate.type.descriptor.sql.BasicBinder@main binding parameter [4] as [VARCHAR] - [$2a$05$A7FQENEdEFP5kxUjjSaYuuRN4CqM8p.unpUdKM6tT6A40z1lecvaC] 
2025-02-17 10:03:09.038094600 TRACE org.hibernate.type.descriptor.sql.BasicBinder@main binding parameter [5] as [VARCHAR] - [consumer2] 
2025-02-17 10:03:09.038094600 TRACE org.hibernate.type.descriptor.sql.BasicBinder@main binding parameter [6] as [INTEGER] - [4] 
2025-02-17 10:03:09.039095 DEBUG org.hibernate.SQL@main insert into user_account (version, enabled, identity, password, username, id) values (?, ?, ?, ?, ?, ?) 
2025-02-17 10:03:09.039095 TRACE org.hibernate.type.descriptor.sql.BasicBinder@main binding parameter [1] as [INTEGER] - [0] 
2025-02-17 10:03:09.039095 TRACE org.hibernate.type.descriptor.sql.BasicBinder@main binding parameter [2] as [BOOLEAN] - [true] 
2025-02-17 10:03:09.040095300 TRACE org.hibernate.type.descriptor.sql.BasicBinder@main binding parameter [3] as [BLOB] - [DefaultUserIdentity(name=Manolo, surname=之乎路可良 ᏥᏲᏎᎭ, email=manolo@acme.com)] 
2025-02-17 10:03:09.040095300 TRACE org.hibernate.type.descriptor.sql.BasicBinder@main binding parameter [4] as [VARCHAR] - [$2a$05$9eMDAZD1tufCblK3iVfpoeK4ZuSoh8vGGR/sL3ZPrTpKtOXiD6I5u] 
2025-02-17 10:03:09.041095500 TRACE org.hibernate.type.descriptor.sql.BasicBinder@main binding parameter [5] as [VARCHAR] - [consumer3] 
2025-02-17 10:03:09.041095500 TRACE org.hibernate.type.descriptor.sql.BasicBinder@main binding parameter [6] as [INTEGER] - [5] 
2025-02-17 10:03:09.042095100 DEBUG org.hibernate.SQL@main insert into user_account (version, enabled, identity, password, username, id) values (?, ?, ?, ?, ?, ?) 
2025-02-17 10:03:09.042095100 TRACE org.hibernate.type.descriptor.sql.BasicBinder@main binding parameter [1] as [INTEGER] - [0] 
2025-02-17 10:03:09.042095100 TRACE org.hibernate.type.descriptor.sql.BasicBinder@main binding parameter [2] as [BOOLEAN] - [true] 
2025-02-17 10:03:09.042095100 TRACE org.hibernate.type.descriptor.sql.BasicBinder@main binding parameter [3] as [BLOB] - [DefaultUserIdentity(name=Laurel, surname=Provider, email=laurel@acme.com)] 
2025-02-17 10:03:09.042095100 TRACE org.hibernate.type.descriptor.sql.BasicBinder@main binding parameter [4] as [VARCHAR] - [$2a$05$Y7O0g1.G9pUsll.XLTwLRew4EKLZacA/kOLRY9yU4t09F9gOWpLDu] 
2025-02-17 10:03:09.043095400 TRACE org.hibernate.type.descriptor.sql.BasicBinder@main binding parameter [5] as [VARCHAR] - [provider1] 
2025-02-17 10:03:09.043095400 TRACE org.hibernate.type.descriptor.sql.BasicBinder@main binding parameter [6] as [INTEGER] - [6] 
2025-02-17 10:03:09.043095400 DEBUG org.hibernate.SQL@main insert into user_account (version, enabled, identity, password, username, id) values (?, ?, ?, ?, ?, ?) 
2025-02-17 10:03:09.044095500 TRACE org.hibernate.type.descriptor.sql.BasicBinder@main binding parameter [1] as [INTEGER] - [0] 
2025-02-17 10:03:09.044095500 TRACE org.hibernate.type.descriptor.sql.BasicBinder@main binding parameter [2] as [BOOLEAN] - [true] 
2025-02-17 10:03:09.044095500 TRACE org.hibernate.type.descriptor.sql.BasicBinder@main binding parameter [3] as [BLOB] - [DefaultUserIdentity(name=Martina, surname=коза თხა, email=martina@acme.com)] 
2025-02-17 10:03:09.044095500 TRACE org.hibernate.type.descriptor.sql.BasicBinder@main binding parameter [4] as [VARCHAR] - [$2a$05$51mRv1xwHagMVjVZVxMjbu9h53MlcO.8RrF6SAmBiHDzDlfQL65li] 
2025-02-17 10:03:09.044095500 TRACE org.hibernate.type.descriptor.sql.BasicBinder@main binding parameter [5] as [VARCHAR] - [provider2] 
2025-02-17 10:03:09.045095100 TRACE org.hibernate.type.descriptor.sql.BasicBinder@main binding parameter [6] as [INTEGER] - [7] 
2025-02-17 10:03:09.045095100 DEBUG org.hibernate.SQL@main insert into user_account (version, enabled, identity, password, username, id) values (?, ?, ?, ?, ?, ?) 
2025-02-17 10:03:09.046095700 TRACE org.hibernate.type.descriptor.sql.BasicBinder@main binding parameter [1] as [INTEGER] - [0] 
2025-02-17 10:03:09.046095700 TRACE org.hibernate.type.descriptor.sql.BasicBinder@main binding parameter [2] as [BOOLEAN] - [true] 
2025-02-17 10:03:09.046095700 TRACE org.hibernate.type.descriptor.sql.BasicBinder@main binding parameter [3] as [BLOB] - [DefaultUserIdentity(name=Antonia, surname=אבטיח Æløzå, email=antonia@acme.com)] 
2025-02-17 10:03:09.046687 TRACE org.hibernate.type.descriptor.sql.BasicBinder@main binding parameter [4] as [VARCHAR] - [$2a$05$MBIrZqqAHGiZFMRlAIXDtu5.m4jIoUXaAdU.D5JidAA29fZunPN3y] 
2025-02-17 10:03:09.047199900 TRACE org.hibernate.type.descriptor.sql.BasicBinder@main binding parameter [5] as [VARCHAR] - [provider3] 
2025-02-17 10:03:09.047199900 TRACE org.hibernate.type.descriptor.sql.BasicBinder@main binding parameter [6] as [INTEGER] - [8] 
2025-02-17 10:03:09.051203500 DEBUG acme.internals.components.database.DatabasePopulator@main Persisting entities of clazz 'acme.client.components.principals.Administrator'. 
2025-02-17 10:03:09.052205 DEBUG acme.internals.components.database.DatabaseManager@main Persisting entity 'Administrator{id = 0, version = 0, userAccount = acme.client.components.principals.UserAccount{id=2, version=0}, $assertionsDisabled = false}'. 
2025-02-17 10:03:09.052205 DEBUG org.hibernate.SQL@main select tbl.next_val from hibernate_sequences tbl where tbl.sequence_name=? for update 
2025-02-17 10:03:09.053204300 DEBUG org.hibernate.SQL@main update hibernate_sequences set next_val=?  where next_val=? and sequence_name=? 
2025-02-17 10:03:09.057210600 DEBUG acme.internals.components.database.DatabaseManager@main Flushing transaction 8b74dad9-6357-44d0-a407-6d7c941799fd. 
2025-02-17 10:03:09.059206200 DEBUG org.hibernate.SQL@main insert into administrator (version, user_account_id, id) values (?, ?, ?) 
2025-02-17 10:03:09.060205300 TRACE org.hibernate.type.descriptor.sql.BasicBinder@main binding parameter [1] as [INTEGER] - [0] 
2025-02-17 10:03:09.060205300 TRACE org.hibernate.type.descriptor.sql.BasicBinder@main binding parameter [2] as [INTEGER] - [2] 
2025-02-17 10:03:09.060205300 TRACE org.hibernate.type.descriptor.sql.BasicBinder@main binding parameter [3] as [INTEGER] - [9] 
2025-02-17 10:03:09.062206200 DEBUG acme.internals.components.database.DatabasePopulator@main Persisting entities of clazz 'acme.client.components.principals.Anonymous'. 
2025-02-17 10:03:09.062206200 DEBUG acme.internals.components.database.DatabaseManager@main Persisting entity 'Anonymous{id = 0, version = 0, userAccount = acme.client.components.principals.UserAccount{id=1, version=0}, $assertionsDisabled = false}'. 
2025-02-17 10:03:09.063205100 DEBUG org.hibernate.SQL@main select tbl.next_val from hibernate_sequences tbl where tbl.sequence_name=? for update 
2025-02-17 10:03:09.063205100 DEBUG org.hibernate.SQL@main update hibernate_sequences set next_val=?  where next_val=? and sequence_name=? 
2025-02-17 10:03:09.067204800 DEBUG acme.internals.components.database.DatabaseManager@main Flushing transaction 8b74dad9-6357-44d0-a407-6d7c941799fd. 
2025-02-17 10:03:09.069205300 DEBUG org.hibernate.SQL@main insert into anonymous (version, user_account_id, id) values (?, ?, ?) 
2025-02-17 10:03:09.069205300 TRACE org.hibernate.type.descriptor.sql.BasicBinder@main binding parameter [1] as [INTEGER] - [0] 
2025-02-17 10:03:09.069205300 TRACE org.hibernate.type.descriptor.sql.BasicBinder@main binding parameter [2] as [INTEGER] - [1] 
2025-02-17 10:03:09.070211300 TRACE org.hibernate.type.descriptor.sql.BasicBinder@main binding parameter [3] as [INTEGER] - [10] 
2025-02-17 10:03:09.071207500 DEBUG acme.internals.components.database.DatabasePopulator@main Persisting entities of clazz 'acme.realms.Consumer'. 
2025-02-17 10:03:09.072206900 DEBUG acme.internals.components.database.DatabaseManager@main Persisting entity 'Consumer{id = 0, version = 0, userAccount = acme.client.components.principals.UserAccount{id=3, version=0}, $assertionsDisabled = false, company = "Macarena, Inc.", sector = "Telecommunications"}'. 
2025-02-17 10:03:09.073210200 DEBUG org.hibernate.SQL@main select tbl.next_val from hibernate_sequences tbl where tbl.sequence_name=? for update 
2025-02-17 10:03:09.073210200 DEBUG org.hibernate.SQL@main update hibernate_sequences set next_val=?  where next_val=? and sequence_name=? 
2025-02-17 10:03:09.077205200 DEBUG acme.internals.components.database.DatabaseManager@main Persisting entity 'Consumer{id = 0, version = 0, userAccount = acme.client.components.principals.UserAccount{id=4, version=0}, $assertionsDisabled = false, company = "լոռեմ իպսում", sector = "ლორემ იფსუმ"}'. 
2025-02-17 10:03:09.077205200 DEBUG org.hibernate.SQL@main select tbl.next_val from hibernate_sequences tbl where tbl.sequence_name=? for update 
2025-02-17 10:03:09.078206800 DEBUG org.hibernate.SQL@main update hibernate_sequences set next_val=?  where next_val=? and sequence_name=? 
2025-02-17 10:03:09.082208300 DEBUG acme.internals.components.database.DatabaseManager@main Persisting entity 'Consumer{id = 0, version = 0, userAccount = acme.client.components.principals.UserAccount{id=5, version=0}, $assertionsDisabled = false, company = "مرحبا بالعالم", sector = "天飽雲馬消根清歡寫尾做兒幫"}'. 
2025-02-17 10:03:09.083208600 DEBUG org.hibernate.SQL@main select tbl.next_val from hibernate_sequences tbl where tbl.sequence_name=? for update 
2025-02-17 10:03:09.083208600 DEBUG org.hibernate.SQL@main update hibernate_sequences set next_val=?  where next_val=? and sequence_name=? 
2025-02-17 10:03:09.087205200 DEBUG acme.internals.components.database.DatabaseManager@main Flushing transaction 8b74dad9-6357-44d0-a407-6d7c941799fd. 
2025-02-17 10:03:09.090206500 DEBUG org.hibernate.SQL@main insert into consumer (version, user_account_id, company, sector, id) values (?, ?, ?, ?, ?) 
2025-02-17 10:03:09.090206500 TRACE org.hibernate.type.descriptor.sql.BasicBinder@main binding parameter [1] as [INTEGER] - [0] 
2025-02-17 10:03:09.090206500 TRACE org.hibernate.type.descriptor.sql.BasicBinder@main binding parameter [2] as [INTEGER] - [3] 
2025-02-17 10:03:09.091205900 TRACE org.hibernate.type.descriptor.sql.BasicBinder@main binding parameter [3] as [VARCHAR] - [Macarena, Inc.] 
2025-02-17 10:03:09.091205900 TRACE org.hibernate.type.descriptor.sql.BasicBinder@main binding parameter [4] as [VARCHAR] - [Telecommunications] 
2025-02-17 10:03:09.091205900 TRACE org.hibernate.type.descriptor.sql.BasicBinder@main binding parameter [5] as [INTEGER] - [11] 
2025-02-17 10:03:09.093206900 DEBUG org.hibernate.SQL@main insert into consumer (version, user_account_id, company, sector, id) values (?, ?, ?, ?, ?) 
2025-02-17 10:03:09.093206900 TRACE org.hibernate.type.descriptor.sql.BasicBinder@main binding parameter [1] as [INTEGER] - [0] 
2025-02-17 10:03:09.093206900 TRACE org.hibernate.type.descriptor.sql.BasicBinder@main binding parameter [2] as [INTEGER] - [4] 
2025-02-17 10:03:09.093206900 TRACE org.hibernate.type.descriptor.sql.BasicBinder@main binding parameter [3] as [VARCHAR] - [լոռեմ իպսում] 
2025-02-17 10:03:09.093206900 TRACE org.hibernate.type.descriptor.sql.BasicBinder@main binding parameter [4] as [VARCHAR] - [ლორემ იფსუმ] 
2025-02-17 10:03:09.093206900 TRACE org.hibernate.type.descriptor.sql.BasicBinder@main binding parameter [5] as [INTEGER] - [12] 
2025-02-17 10:03:09.094203 DEBUG org.hibernate.SQL@main insert into consumer (version, user_account_id, company, sector, id) values (?, ?, ?, ?, ?) 
2025-02-17 10:03:09.094203 TRACE org.hibernate.type.descriptor.sql.BasicBinder@main binding parameter [1] as [INTEGER] - [0] 
2025-02-17 10:03:09.095206800 TRACE org.hibernate.type.descriptor.sql.BasicBinder@main binding parameter [2] as [INTEGER] - [5] 
2025-02-17 10:03:09.095206800 TRACE org.hibernate.type.descriptor.sql.BasicBinder@main binding parameter [3] as [VARCHAR] - [مرحبا بالعالم] 
2025-02-17 10:03:09.095206800 TRACE org.hibernate.type.descriptor.sql.BasicBinder@main binding parameter [4] as [VARCHAR] - [天飽雲馬消根清歡寫尾做兒幫] 
2025-02-17 10:03:09.095206800 TRACE org.hibernate.type.descriptor.sql.BasicBinder@main binding parameter [5] as [INTEGER] - [13] 
2025-02-17 10:03:09.096210 DEBUG acme.internals.components.database.DatabasePopulator@main Persisting entities of clazz 'acme.realms.Provider'. 
2025-02-17 10:03:09.096210 DEBUG acme.internals.components.database.DatabaseManager@main Persisting entity 'Provider{id = 0, version = 0, userAccount = acme.client.components.principals.UserAccount{id=6, version=0}, $assertionsDisabled = false, company = "Terra Nets, S.A.", sector = "Internet"}'. 
2025-02-17 10:03:09.097203900 DEBUG org.hibernate.SQL@main select tbl.next_val from hibernate_sequences tbl where tbl.sequence_name=? for update 
2025-02-17 10:03:09.098206 DEBUG org.hibernate.SQL@main update hibernate_sequences set next_val=?  where next_val=? and sequence_name=? 
2025-02-17 10:03:09.102206400 DEBUG acme.internals.components.database.DatabaseManager@main Persisting entity 'Provider{id = 0, version = 0, userAccount = acme.client.components.principals.UserAccount{id=7, version=0}, $assertionsDisabled = false, company = "Лорем ипсум", sector = "Λορεμ ιπσθμ"}'. 
2025-02-17 10:03:09.103206 DEBUG org.hibernate.SQL@main select tbl.next_val from hibernate_sequences tbl where tbl.sequence_name=? for update 
2025-02-17 10:03:09.103206 DEBUG org.hibernate.SQL@main update hibernate_sequences set next_val=?  where next_val=? and sequence_name=? 
2025-02-17 10:03:09.107206 DEBUG acme.internals.components.database.DatabaseManager@main Persisting entity 'Provider{id = 0, version = 0, userAccount = acme.client.components.principals.UserAccount{id=8, version=0}, $assertionsDisabled = false, company = "देवनागरी", sector = "À l'école, Zoë"}'. 
2025-02-17 10:03:09.108208 DEBUG org.hibernate.SQL@main select tbl.next_val from hibernate_sequences tbl where tbl.sequence_name=? for update 
2025-02-17 10:03:09.108208 DEBUG org.hibernate.SQL@main update hibernate_sequences set next_val=?  where next_val=? and sequence_name=? 
2025-02-17 10:03:09.115205700 DEBUG acme.internals.components.database.DatabaseManager@main Flushing transaction 8b74dad9-6357-44d0-a407-6d7c941799fd. 
2025-02-17 10:03:09.117207400 DEBUG org.hibernate.SQL@main insert into provider (version, user_account_id, company, sector, id) values (?, ?, ?, ?, ?) 
2025-02-17 10:03:09.118207700 TRACE org.hibernate.type.descriptor.sql.BasicBinder@main binding parameter [1] as [INTEGER] - [0] 
2025-02-17 10:03:09.118207700 TRACE org.hibernate.type.descriptor.sql.BasicBinder@main binding parameter [2] as [INTEGER] - [6] 
2025-02-17 10:03:09.118207700 TRACE org.hibernate.type.descriptor.sql.BasicBinder@main binding parameter [3] as [VARCHAR] - [Terra Nets, S.A.] 
2025-02-17 10:03:09.118207700 TRACE org.hibernate.type.descriptor.sql.BasicBinder@main binding parameter [4] as [VARCHAR] - [Internet] 
2025-02-17 10:03:09.118207700 TRACE org.hibernate.type.descriptor.sql.BasicBinder@main binding parameter [5] as [INTEGER] - [14] 
2025-02-17 10:03:09.120206600 DEBUG org.hibernate.SQL@main insert into provider (version, user_account_id, company, sector, id) values (?, ?, ?, ?, ?) 
2025-02-17 10:03:09.120206600 TRACE org.hibernate.type.descriptor.sql.BasicBinder@main binding parameter [1] as [INTEGER] - [0] 
2025-02-17 10:03:09.121208 TRACE org.hibernate.type.descriptor.sql.BasicBinder@main binding parameter [2] as [INTEGER] - [7] 
2025-02-17 10:03:09.121208 TRACE org.hibernate.type.descriptor.sql.BasicBinder@main binding parameter [3] as [VARCHAR] - [Лорем ипсум] 
2025-02-17 10:03:09.121208 TRACE org.hibernate.type.descriptor.sql.BasicBinder@main binding parameter [4] as [VARCHAR] - [Λορεμ ιπσθμ] 
2025-02-17 10:03:09.121208 TRACE org.hibernate.type.descriptor.sql.BasicBinder@main binding parameter [5] as [INTEGER] - [15] 
2025-02-17 10:03:09.122207200 DEBUG org.hibernate.SQL@main insert into provider (version, user_account_id, company, sector, id) values (?, ?, ?, ?, ?) 
2025-02-17 10:03:09.122207200 TRACE org.hibernate.type.descriptor.sql.BasicBinder@main binding parameter [1] as [INTEGER] - [0] 
2025-02-17 10:03:09.122207200 TRACE org.hibernate.type.descriptor.sql.BasicBinder@main binding parameter [2] as [INTEGER] - [8] 
2025-02-17 10:03:09.123206900 TRACE org.hibernate.type.descriptor.sql.BasicBinder@main binding parameter [3] as [VARCHAR] - [देवनागरी] 
2025-02-17 10:03:09.123206900 TRACE org.hibernate.type.descriptor.sql.BasicBinder@main binding parameter [4] as [VARCHAR] - [À l'école, Zoë] 
2025-02-17 10:03:09.123206900 TRACE org.hibernate.type.descriptor.sql.BasicBinder@main binding parameter [5] as [INTEGER] - [16] 
2025-02-17 10:03:09.123206900 DEBUG acme.internals.components.database.DatabaseManager@main Committing transaction 8b74dad9-6357-44d0-a407-6d7c941799fd. 
2025-02-17 10:03:09.131208800 DEBUG acme.internals.components.database.DatabaseManager@main Starting transaction 1dd08d03-1031-48da-8df1-f60f101ccbeb. 
2025-02-17 10:03:09.131208800 DEBUG acme.internals.components.database.DatabasePopulator@main Validating your entities. 
2025-02-17 10:03:09.306220300 DEBUG acme.internals.components.database.DatabasePopulator@main Validating 'administrator-01' ... PASS. 
2025-02-17 10:03:09.310222100 DEBUG acme.internals.components.database.DatabasePopulator@main Validating 'anonymous-01' ... PASS. 
2025-02-17 10:03:09.312220900 DEBUG acme.internals.components.database.DatabasePopulator@main Validating 'user-account-anonymous-01' ... PASS. 
2025-02-17 10:03:09.315221200 DEBUG acme.internals.components.database.DatabasePopulator@main Validating 'user-account-administrator-01' ... PASS. 
2025-02-17 10:03:09.322221500 DEBUG acme.internals.components.database.DatabasePopulator@main Validating 'consumer-01' ... PASS. 
2025-02-17 10:03:09.325220600 DEBUG acme.internals.components.database.DatabasePopulator@main Validating 'consumer-02' ... PASS. 
2025-02-17 10:03:09.328220700 DEBUG acme.internals.components.database.DatabasePopulator@main Validating 'consumer-03' ... PASS. 
2025-02-17 10:03:09.335226200 DEBUG acme.internals.components.database.DatabasePopulator@main Validating 'provider-01' ... PASS. 
2025-02-17 10:03:09.337226600 DEBUG acme.internals.components.database.DatabasePopulator@main Validating 'provider-02' ... PASS. 
2025-02-17 10:03:09.339223900 DEBUG acme.internals.components.database.DatabasePopulator@main Validating 'provider-03' ... PASS. 
2025-02-17 10:03:09.341226100 DEBUG acme.internals.components.database.DatabasePopulator@main Validating 'user-account-consumer-01' ... PASS. 
2025-02-17 10:03:09.342228300 DEBUG acme.internals.components.database.DatabasePopulator@main Validating 'user-account-consumer-02' ... PASS. 
2025-02-17 10:03:09.343227400 DEBUG acme.internals.components.database.DatabasePopulator@main Validating 'user-account-consumer-03' ... PASS. 
2025-02-17 10:03:09.345227200 DEBUG acme.internals.components.database.DatabasePopulator@main Validating 'user-account-provider-01' ... PASS. 
2025-02-17 10:03:09.346742800 DEBUG acme.internals.components.database.DatabasePopulator@main Validating 'user-account-provider-02' ... PASS. 
2025-02-17 10:03:09.347747100 DEBUG acme.internals.components.database.DatabasePopulator@main Validating 'user-account-provider-03' ... PASS. 
2025-02-17 10:03:09.347747100 DEBUG acme.internals.components.database.DatabaseManager@main Committing transaction 1dd08d03-1031-48da-8df1-f60f101ccbeb. 
2025-02-17 10:03:09.348750300 DEBUG acme.Launcher@main Resetting clock. 
2025-02-17 10:03:09.349745500 DEBUG acme.internals.components.clocks.SimulatedClock@main Changing current moment to 'Sat Jul 30 00:00:00 CEST 2022'. 
2025-02-17 10:03:09.349745500 DEBUG acme.Launcher@main Resetting random generator. 
2025-02-17 10:03:09.349745500 INFO  acme.Launcher@main Launching populator#sample took 1.888 seconds. Ready. 
2025-02-17 10:03:09.370747200 INFO  acme.internals.configuration.ShutdownConfiguration@main The system is shutting down... 
2025-02-17 10:03:09.387136400 INFO  acme.Launcher@main Exiting application with status 0. 
